 Download the React DevTools for a better development experience: https://reactjs.org/link/react-devtools
 🔧 [apiClient] Configuración inicial: Object
 Warning: ReactDOM.render is no longer supported in React 18. Use createRoot instead. Until you switch to the new API, your app will behave as if it's running React 17. Learn more: https://reactjs.org/link/switch-to-createroot
console.error @ react-konva.js?v=a6c21c84:27244
 🔍 [AuthContext] Verificando estado de autenticación...
 🚀 [apiClient] === REQUEST START ===
 🎯 [apiClient] URL completa: https://expo2025-8bjn.onrender.com/auth/checkAuth
 🔧 [apiClient] Método: GET
 📋 [apiClient] Headers enviados: AxiosHeaders
 🍪 [apiClient] WithCredentials: true
 🍪 [apiClient] App pública - usando solo cookies
apiClient.js:87 🚀 [apiClient] === REQUEST END ===
apiClient.js:99 ✅ [apiClient] === RESPONSE SUCCESS START ===
apiClient.js:100 🎯 [apiClient] URL: /auth/checkAuth
apiClient.js:101 📊 [apiClient] Status: 200
apiClient.js:102 📋 [apiClient] Headers recibidos: AxiosHeaders
apiClient.js:103 🍪 [apiClient] Set-Cookie header: undefined
apiClient.js:104 📥 [apiClient] Datos recibidos: Object
apiClient.js:105 ✅ [apiClient] === RESPONSE SUCCESS END ===
authContext.jsx:27 ✅ [AuthContext] Usuario autenticado via cookies: Object
useDesign.js:59 🎨 [useDesigns] Obteniendo diseños del usuario: Object
designService.js:130 📋 [DesignService] Obteniendo diseños del usuario: Object
apiClient.js:44 🚀 [apiClient] === REQUEST START ===
apiClient.js:47 🎯 [apiClient] URL completa: https://expo2025-8bjn.onrender.com/designs/my-designs?includeDetails=true&limit=50
apiClient.js:51 🔧 [apiClient] Método: GET
apiClient.js:52 📋 [apiClient] Headers enviados: AxiosHeaders
apiClient.js:53 🍪 [apiClient] WithCredentials: true
apiClient.js:72 🍪 [apiClient] App pública - usando solo cookies
apiClient.js:87 🚀 [apiClient] === REQUEST END ===
apiClient.js:99 ✅ [apiClient] === RESPONSE SUCCESS START ===
apiClient.js:100 🎯 [apiClient] URL: /designs/my-designs?includeDetails=true&limit=50
apiClient.js:101 📊 [apiClient] Status: 200
apiClient.js:102 📋 [apiClient] Headers recibidos: AxiosHeaders
apiClient.js:103 🍪 [apiClient] Set-Cookie header: undefined
apiClient.js:104 📥 [apiClient] Datos recibidos: Object
apiClient.js:105 ✅ [apiClient] === RESPONSE SUCCESS END ===
designService.js:143 ✅ [DesignService] Diseños obtenidos: 2
useDesign.js:74 ✅ [useDesigns] Diseños cargados: Object
useProducts.js:139 🔍 [useProducts] Buscando productos: Object
productService.js:79 🔍 [ProductService] Buscando productos: Object
apiClient.js:44 🚀 [apiClient] === REQUEST START ===
apiClient.js:47 🎯 [apiClient] URL completa: https://expo2025-8bjn.onrender.com/products?search=Prod&limit=10&isActive=true
apiClient.js:51 🔧 [apiClient] Método: GET
apiClient.js:52 📋 [apiClient] Headers enviados: AxiosHeaders
apiClient.js:53 🍪 [apiClient] WithCredentials: true
apiClient.js:72 🍪 [apiClient] App pública - usando solo cookies
apiClient.js:87 🚀 [apiClient] === REQUEST END ===
apiClient.js:99 ✅ [apiClient] === RESPONSE SUCCESS START ===
apiClient.js:100 🎯 [apiClient] URL: /products?search=Prod&limit=10&isActive=true
apiClient.js:101 📊 [apiClient] Status: 200
apiClient.js:102 📋 [apiClient] Headers recibidos: AxiosHeaders
apiClient.js:103 🍪 [apiClient] Set-Cookie header: undefined
apiClient.js:104 📥 [apiClient] Datos recibidos: Object
apiClient.js:105 ✅ [apiClient] === RESPONSE SUCCESS END ===
productService.js:93 ✅ [ProductService] Búsqueda completada: 2
useProducts.js:155 ✅ [useProducts] Resultados de búsqueda: 2
AdvancedDesignEditor.jsx:153 🎯 Customization area processed: Object
AdvancedDesignEditor.jsx:153 🎯 Customization area processed: Object
AdvancedDesignEditor.jsx:153 🎯 Customization area processed: Object
useKonvaCanvas.js:245 Updating transformer for selected elements: Array(0)
AdvancedDesignEditor.jsx:116 Product: Object
AdvancedDesignEditor.jsx:117 Product Image URL: https://res.cloudinary.com/dbd5hzctg/image/upload/v1755550385/products/main/j1wlwkwxnbwkmttaajha.png
AdvancedDesignEditor.jsx:118 Product Image loaded: false
AdvancedDesignEditor.jsx:116 Product: Object
AdvancedDesignEditor.jsx:117 Product Image URL: https://res.cloudinary.com/dbd5hzctg/image/upload/v1755550385/products/main/j1wlwkwxnbwkmttaajha.png
AdvancedDesignEditor.jsx:118 Product Image loaded: true
AdvancedDesignEditor.jsx:120 Product Image dimensions: 486 x 245
AdvancedDesignEditor.jsx:193 Uncaught TypeError: historyHook.saveState is not a function
    at AdvancedDesignEditor.jsx:193:17
    at createPresetShape (ShapeCreatorModal.jsx:111:5)
    at onClick (ShapeCreatorModal.jsx:439:30)
    at HTMLUnknownElement.callCallback2 (chunk-TWZIM7X7.js?v=a6c21c84:3221:22)
    at Object.invokeGuardedCallbackDev (chunk-TWZIM7X7.js?v=a6c21c84:3246:24)
    at invokeGuardedCallback (chunk-TWZIM7X7.js?v=a6c21c84:3280:39)
    at invokeGuardedCallbackAndCatchFirstError (chunk-TWZIM7X7.js?v=a6c21c84:3283:33)
    at executeDispatch (chunk-TWZIM7X7.js?v=a6c21c84:6587:11)
    at processDispatchQueueItemsInOrder (chunk-TWZIM7X7.js?v=a6c21c84:6607:15)
    at processDispatchQueue (chunk-TWZIM7X7.js?v=a6c21c84:6616:13)
chunk-TWZIM7X7.js?v=a6c21c84:3297 Uncaught TypeError: historyHook.saveState is not a function
    at AdvancedDesignEditor.jsx:193:17
    at createPresetShape (ShapeCreatorModal.jsx:111:5)
    at onClick (ShapeCreatorModal.jsx:439:30)
    at HTMLUnknownElement.callCallback2 (chunk-TWZIM7X7.js?v=a6c21c84:3221:22)
    at Object.invokeGuardedCallbackDev (chunk-TWZIM7X7.js?v=a6c21c84:3246:24)
    at invokeGuardedCallback (chunk-TWZIM7X7.js?v=a6c21c84:3280:39)
    at invokeGuardedCallbackAndCatchFirstError (chunk-TWZIM7X7.js?v=a6c21c84:3283:33)
    at executeDispatch (chunk-TWZIM7X7.js?v=a6c21c84:6587:11)
    at processDispatchQueueItemsInOrder (chunk-TWZIM7X7.js?v=a6c21c84:6607:15)
    at processDispatchQueue (chunk-TWZIM7X7.js?v=a6c21c84:6616:13)
AdvancedDesignEditor.jsx:193 Uncaught TypeError: historyHook.saveState is not a function
    at AdvancedDesignEditor.jsx:193:17
    at createPresetShape (ShapeCreatorModal.jsx:111:5)
    at onClick (ShapeCreatorModal.jsx:439:30)
    at HTMLUnknownElement.callCallback2 (chunk-TWZIM7X7.js?v=a6c21c84:3221:22)
    at Object.invokeGuardedCallbackDev (chunk-TWZIM7X7.js?v=a6c21c84:3246:24)
    at invokeGuardedCallback (chunk-TWZIM7X7.js?v=a6c21c84:3280:39)
    at invokeGuardedCallbackAndCatchFirstError (chunk-TWZIM7X7.js?v=a6c21c84:3283:33)
    at executeDispatch (chunk-TWZIM7X7.js?v=a6c21c84:6587:11)
    at processDispatchQueueItemsInOrder (chunk-TWZIM7X7.js?v=a6c21c84:6607:15)
    at processDispatchQueue (chunk-TWZIM7X7.js?v=a6c21c84:6616:13)
react-konva.js?v=a6c21c84:26981 ReactKonva: You have a Konva node with draggable = true and position defined but no onDragMove or onDragEnd events are handled.
Position of a node will be changed during drag&drop, so you should update state of the react app as well.
Consider to add onDragMove or onDragEnd events.
For more info see: https://github.com/konvajs/react-konva/issues/256

applyNodeProps @ react-konva.js?v=a6c21c84:26981
chunk-TWZIM7X7.js?v=a6c21c84:3297 Uncaught TypeError: historyHook.saveState is not a function
    at AdvancedDesignEditor.jsx:193:17
    at createPresetShape (ShapeCreatorModal.jsx:111:5)
    at onClick (ShapeCreatorModal.jsx:439:30)
    at HTMLUnknownElement.callCallback2 (chunk-TWZIM7X7.js?v=a6c21c84:3221:22)
    at Object.invokeGuardedCallbackDev (chunk-TWZIM7X7.js?v=a6c21c84:3246:24)
    at invokeGuardedCallback (chunk-TWZIM7X7.js?v=a6c21c84:3280:39)
    at invokeGuardedCallbackAndCatchFirstError (chunk-TWZIM7X7.js?v=a6c21c84:3283:33)
    at executeDispatch (chunk-TWZIM7X7.js?v=a6c21c84:6587:11)
    at processDispatchQueueItemsInOrder (chunk-TWZIM7X7.js?v=a6c21c84:6607:15)
    at processDispatchQueue (chunk-TWZIM7X7.js?v=a6c21c84:6616:13)
AdvancedDesignEditor.jsx:193 Uncaught TypeError: historyHook.saveState is not a function
    at AdvancedDesignEditor.jsx:193:17
    at createPresetShape (ShapeCreatorModal.jsx:111:5)
    at onClick (ShapeCreatorModal.jsx:439:30)
    at HTMLUnknownElement.callCallback2 (chunk-TWZIM7X7.js?v=a6c21c84:3221:22)
    at Object.invokeGuardedCallbackDev (chunk-TWZIM7X7.js?v=a6c21c84:3246:24)
    at invokeGuardedCallback (chunk-TWZIM7X7.js?v=a6c21c84:3280:39)
    at invokeGuardedCallbackAndCatchFirstError (chunk-TWZIM7X7.js?v=a6c21c84:3283:33)
    at executeDispatch (chunk-TWZIM7X7.js?v=a6c21c84:6587:11)
    at processDispatchQueueItemsInOrder (chunk-TWZIM7X7.js?v=a6c21c84:6607:15)
    at processDispatchQueue (chunk-TWZIM7X7.js?v=a6c21c84:6616:13)
chunk-TWZIM7X7.js?v=a6c21c84:3297 Uncaught TypeError: historyHook.saveState is not a function
    at AdvancedDesignEditor.jsx:193:17
    at createPresetShape (ShapeCreatorModal.jsx:111:5)
    at onClick (ShapeCreatorModal.jsx:439:30)
    at HTMLUnknownElement.callCallback2 (chunk-TWZIM7X7.js?v=a6c21c84:3221:22)
    at Object.invokeGuardedCallbackDev (chunk-TWZIM7X7.js?v=a6c21c84:3246:24)
    at invokeGuardedCallback (chunk-TWZIM7X7.js?v=a6c21c84:3280:39)
    at invokeGuardedCallbackAndCatchFirstError (chunk-TWZIM7X7.js?v=a6c21c84:3283:33)
    at executeDispatch (chunk-TWZIM7X7.js?v=a6c21c84:6587:11)
    at processDispatchQueueItemsInOrder (chunk-TWZIM7X7.js?v=a6c21c84:6607:15)
    at processDispatchQueue (chunk-TWZIM7X7.js?v=a6c21c84:6616:13)
AdvancedDesignEditor.jsx:193 Uncaught TypeError: historyHook.saveState is not a function
    at AdvancedDesignEditor.jsx:193:17
    at createPresetShape (ShapeCreatorModal.jsx:111:5)
    at onClick (ShapeCreatorModal.jsx:439:30)
    at HTMLUnknownElement.callCallback2 (chunk-TWZIM7X7.js?v=a6c21c84:3221:22)
    at Object.invokeGuardedCallbackDev (chunk-TWZIM7X7.js?v=a6c21c84:3246:24)
    at invokeGuardedCallback (chunk-TWZIM7X7.js?v=a6c21c84:3280:39)
    at invokeGuardedCallbackAndCatchFirstError (chunk-TWZIM7X7.js?v=a6c21c84:3283:33)
    at executeDispatch (chunk-TWZIM7X7.js?v=a6c21c84:6587:11)
    at processDispatchQueueItemsInOrder (chunk-TWZIM7X7.js?v=a6c21c84:6607:15)
    at processDispatchQueue (chunk-TWZIM7X7.js?v=a6c21c84:6616:13)
chunk-TWZIM7X7.js?v=a6c21c84:3297 Uncaught TypeError: historyHook.saveState is not a function
    at AdvancedDesignEditor.jsx:193:17
    at createPresetShape (ShapeCreatorModal.jsx:111:5)
    at onClick (ShapeCreatorModal.jsx:439:30)
    at HTMLUnknownElement.callCallback2 (chunk-TWZIM7X7.js?v=a6c21c84:3221:22)
    at Object.invokeGuardedCallbackDev (chunk-TWZIM7X7.js?v=a6c21c84:3246:24)
    at invokeGuardedCallback (chunk-TWZIM7X7.js?v=a6c21c84:3280:39)
    at invokeGuardedCallbackAndCatchFirstError (chunk-TWZIM7X7.js?v=a6c21c84:3283:33)
    at executeDispatch (chunk-TWZIM7X7.js?v=a6c21c84:6587:11)
    at processDispatchQueueItemsInOrder (chunk-TWZIM7X7.js?v=a6c21c84:6607:15)
    at processDispatchQueue (chunk-TWZIM7X7.js?v=a6c21c84:6616:13)
AdvancedDesignEditor.jsx:205 Uncaught TypeError: historyHook.saveState is not a function
    at AdvancedDesignEditor.jsx:205:17
    at finishCustomShape (ShapeCreatorModal.jsx:64:5)
    at HTMLUnknownElement.callCallback2 (chunk-TWZIM7X7.js?v=a6c21c84:3221:22)
    at Object.invokeGuardedCallbackDev (chunk-TWZIM7X7.js?v=a6c21c84:3246:24)
    at invokeGuardedCallback (chunk-TWZIM7X7.js?v=a6c21c84:3280:39)
    at invokeGuardedCallbackAndCatchFirstError (chunk-TWZIM7X7.js?v=a6c21c84:3283:33)
    at executeDispatch (chunk-TWZIM7X7.js?v=a6c21c84:6587:11)
    at processDispatchQueueItemsInOrder (chunk-TWZIM7X7.js?v=a6c21c84:6607:15)
    at processDispatchQueue (chunk-TWZIM7X7.js?v=a6c21c84:6616:13)
    at dispatchEventsForPlugins (chunk-TWZIM7X7.js?v=a6c21c84:6624:11)
chunk-TWZIM7X7.js?v=a6c21c84:3297 Uncaught TypeError: historyHook.saveState is not a function
    at AdvancedDesignEditor.jsx:205:17
    at finishCustomShape (ShapeCreatorModal.jsx:64:5)
    at HTMLUnknownElement.callCallback2 (chunk-TWZIM7X7.js?v=a6c21c84:3221:22)
    at Object.invokeGuardedCallbackDev (chunk-TWZIM7X7.js?v=a6c21c84:3246:24)
    at invokeGuardedCallback (chunk-TWZIM7X7.js?v=a6c21c84:3280:39)
    at invokeGuardedCallbackAndCatchFirstError (chunk-TWZIM7X7.js?v=a6c21c84:3283:33)
    at executeDispatch (chunk-TWZIM7X7.js?v=a6c21c84:6587:11)
    at processDispatchQueueItemsInOrder (chunk-TWZIM7X7.js?v=a6c21c84:6607:15)
    at processDispatchQueue (chunk-TWZIM7X7.js?v=a6c21c84:6616:13)
    at dispatchEventsForPlugins (chunk-TWZIM7X7.js?v=a6c21c84:6624:11)
AdvancedDesignEditor.jsx:205 Uncaught TypeError: historyHook.saveState is not a function
    at AdvancedDesignEditor.jsx:205:17
    at finishCustomShape (ShapeCreatorModal.jsx:64:5)
    at HTMLUnknownElement.callCallback2 (chunk-TWZIM7X7.js?v=a6c21c84:3221:22)
    at Object.invokeGuardedCallbackDev (chunk-TWZIM7X7.js?v=a6c21c84:3246:24)
    at invokeGuardedCallback (chunk-TWZIM7X7.js?v=a6c21c84:3280:39)
    at invokeGuardedCallbackAndCatchFirstError (chunk-TWZIM7X7.js?v=a6c21c84:3283:33)
    at executeDispatch (chunk-TWZIM7X7.js?v=a6c21c84:6587:11)
    at processDispatchQueueItemsInOrder (chunk-TWZIM7X7.js?v=a6c21c84:6607:15)
    at processDispatchQueue (chunk-TWZIM7X7.js?v=a6c21c84:6616:13)
    at dispatchEventsForPlugins (chunk-TWZIM7X7.js?v=a6c21c84:6624:11)
chunk-TWZIM7X7.js?v=a6c21c84:3297 Uncaught TypeError: historyHook.saveState is not a function
    at AdvancedDesignEditor.jsx:205:17
    at finishCustomShape (ShapeCreatorModal.jsx:64:5)
    at HTMLUnknownElement.callCallback2 (chunk-TWZIM7X7.js?v=a6c21c84:3221:22)
    at Object.invokeGuardedCallbackDev (chunk-TWZIM7X7.js?v=a6c21c84:3246:24)
    at invokeGuardedCallback (chunk-TWZIM7X7.js?v=a6c21c84:3280:39)
    at invokeGuardedCallbackAndCatchFirstError (chunk-TWZIM7X7.js?v=a6c21c84:3283:33)
    at executeDispatch (chunk-TWZIM7X7.js?v=a6c21c84:6587:11)
    at processDispatchQueueItemsInOrder (chunk-TWZIM7X7.js?v=a6c21c84:6607:15)
    at processDispatchQueue (chunk-TWZIM7X7.js?v=a6c21c84:6616:13)
    at dispatchEventsForPlugins (chunk-TWZIM7X7.js?v=a6c21c84:6624:11)
AdvancedDesignEditor.jsx:205 Uncaught TypeError: historyHook.saveState is not a function
    at AdvancedDesignEditor.jsx:205:17
    at finishCustomShape (ShapeCreatorModal.jsx:64:5)
    at HTMLUnknownElement.callCallback2 (chunk-TWZIM7X7.js?v=a6c21c84:3221:22)
    at Object.invokeGuardedCallbackDev (chunk-TWZIM7X7.js?v=a6c21c84:3246:24)
    at invokeGuardedCallback (chunk-TWZIM7X7.js?v=a6c21c84:3280:39)
    at invokeGuardedCallbackAndCatchFirstError (chunk-TWZIM7X7.js?v=a6c21c84:3283:33)
    at executeDispatch (chunk-TWZIM7X7.js?v=a6c21c84:6587:11)
    at processDispatchQueueItemsInOrder (chunk-TWZIM7X7.js?v=a6c21c84:6607:15)
    at processDispatchQueue (chunk-TWZIM7X7.js?v=a6c21c84:6616:13)
    at dispatchEventsForPlugins (chunk-TWZIM7X7.js?v=a6c21c84:6624:11)
chunk-TWZIM7X7.js?v=a6c21c84:3297 Uncaught TypeError: historyHook.saveState is not a function
    at AdvancedDesignEditor.jsx:205:17
    at finishCustomShape (ShapeCreatorModal.jsx:64:5)
    at HTMLUnknownElement.callCallback2 (chunk-TWZIM7X7.js?v=a6c21c84:3221:22)
    at Object.invokeGuardedCallbackDev (chunk-TWZIM7X7.js?v=a6c21c84:3246:24)
    at invokeGuardedCallback (chunk-TWZIM7X7.js?v=a6c21c84:3280:39)
    at invokeGuardedCallbackAndCatchFirstError (chunk-TWZIM7X7.js?v=a6c21c84:3283:33)
    at executeDispatch (chunk-TWZIM7X7.js?v=a6c21c84:6587:11)
    at processDispatchQueueItemsInOrder (chunk-TWZIM7X7.js?v=a6c21c84:6607:15)
    at processDispatchQueue (chunk-TWZIM7X7.js?v=a6c21c84:6616:13)
    at dispatchEventsForPlugins (chunk-TWZIM7X7.js?v=a6c21c84:6624:11)
AdvancedDesignEditor.jsx:205 Uncaught TypeError: historyHook.saveState is not a function
    at AdvancedDesignEditor.jsx:205:17
    at finishCustomShape (ShapeCreatorModal.jsx:64:5)
    at HTMLUnknownElement.callCallback2 (chunk-TWZIM7X7.js?v=a6c21c84:3221:22)
    at Object.invokeGuardedCallbackDev (chunk-TWZIM7X7.js?v=a6c21c84:3246:24)
    at invokeGuardedCallback (chunk-TWZIM7X7.js?v=a6c21c84:3280:39)
    at invokeGuardedCallbackAndCatchFirstError (chunk-TWZIM7X7.js?v=a6c21c84:3283:33)
    at executeDispatch (chunk-TWZIM7X7.js?v=a6c21c84:6587:11)
    at processDispatchQueueItemsInOrder (chunk-TWZIM7X7.js?v=a6c21c84:6607:15)
    at processDispatchQueue (chunk-TWZIM7X7.js?v=a6c21c84:6616:13)
    at dispatchEventsForPlugins (chunk-TWZIM7X7.js?v=a6c21c84:6624:11)
chunk-TWZIM7X7.js?v=a6c21c84:3297 Uncaught TypeError: historyHook.saveState is not a function
    at AdvancedDesignEditor.jsx:205:17
    at finishCustomShape (ShapeCreatorModal.jsx:64:5)
    at HTMLUnknownElement.callCallback2 (chunk-TWZIM7X7.js?v=a6c21c84:3221:22)
    at Object.invokeGuardedCallbackDev (chunk-TWZIM7X7.js?v=a6c21c84:3246:24)
    at invokeGuardedCallback (chunk-TWZIM7X7.js?v=a6c21c84:3280:39)
    at invokeGuardedCallbackAndCatchFirstError (chunk-TWZIM7X7.js?v=a6c21c84:3283:33)
    at executeDispatch (chunk-TWZIM7X7.js?v=a6c21c84:6587:11)
    at processDispatchQueueItemsInOrder (chunk-TWZIM7X7.js?v=a6c21c84:6607:15)
    at processDispatchQueue (chunk-TWZIM7X7.js?v=a6c21c84:6616:13)
    at dispatchEventsForPlugins (chunk-TWZIM7X7.js?v=a6c21c84:6624:11)
AdvancedDesignEditor.jsx:205 Uncaught TypeError: historyHook.saveState is not a function
    at AdvancedDesignEditor.jsx:205:17
    at finishCustomShape (ShapeCreatorModal.jsx:64:5)
    at HTMLUnknownElement.callCallback2 (chunk-TWZIM7X7.js?v=a6c21c84:3221:22)
    at Object.invokeGuardedCallbackDev (chunk-TWZIM7X7.js?v=a6c21c84:3246:24)
    at invokeGuardedCallback (chunk-TWZIM7X7.js?v=a6c21c84:3280:39)
    at invokeGuardedCallbackAndCatchFirstError (chunk-TWZIM7X7.js?v=a6c21c84:3283:33)
    at executeDispatch (chunk-TWZIM7X7.js?v=a6c21c84:6587:11)
    at processDispatchQueueItemsInOrder (chunk-TWZIM7X7.js?v=a6c21c84:6607:15)
    at processDispatchQueue (chunk-TWZIM7X7.js?v=a6c21c84:6616:13)
    at dispatchEventsForPlugins (chunk-TWZIM7X7.js?v=a6c21c84:6624:11)
chunk-TWZIM7X7.js?v=a6c21c84:3297 Uncaught TypeError: historyHook.saveState is not a function
    at AdvancedDesignEditor.jsx:205:17
    at finishCustomShape (ShapeCreatorModal.jsx:64:5)
    at HTMLUnknownElement.callCallback2 (chunk-TWZIM7X7.js?v=a6c21c84:3221:22)
    at Object.invokeGuardedCallbackDev (chunk-TWZIM7X7.js?v=a6c21c84:3246:24)
    at invokeGuardedCallback (chunk-TWZIM7X7.js?v=a6c21c84:3280:39)
    at invokeGuardedCallbackAndCatchFirstError (chunk-TWZIM7X7.js?v=a6c21c84:3283:33)
    at executeDispatch (chunk-TWZIM7X7.js?v=a6c21c84:6587:11)
    at processDispatchQueueItemsInOrder (chunk-TWZIM7X7.js?v=a6c21c84:6607:15)
    at processDispatchQueue (chunk-TWZIM7X7.js?v=a6c21c84:6616:13)
    at dispatchEventsForPlugins (chunk-TWZIM7X7.js?v=a6c21c84:6624:11)
AdvancedDesignEditor.jsx:205 Uncaught TypeError: historyHook.saveState is not a function
    at AdvancedDesignEditor.jsx:205:17
    at finishCustomShape (ShapeCreatorModal.jsx:64:5)
    at HTMLUnknownElement.callCallback2 (chunk-TWZIM7X7.js?v=a6c21c84:3221:22)
    at Object.invokeGuardedCallbackDev (chunk-TWZIM7X7.js?v=a6c21c84:3246:24)
    at invokeGuardedCallback (chunk-TWZIM7X7.js?v=a6c21c84:3280:39)
    at invokeGuardedCallbackAndCatchFirstError (chunk-TWZIM7X7.js?v=a6c21c84:3283:33)
    at executeDispatch (chunk-TWZIM7X7.js?v=a6c21c84:6587:11)
    at processDispatchQueueItemsInOrder (chunk-TWZIM7X7.js?v=a6c21c84:6607:15)
    at processDispatchQueue (chunk-TWZIM7X7.js?v=a6c21c84:6616:13)
    at dispatchEventsForPlugins (chunk-TWZIM7X7.js?v=a6c21c84:6624:11)
chunk-TWZIM7X7.js?v=a6c21c84:3297 Uncaught TypeError: historyHook.saveState is not a function
    at AdvancedDesignEditor.jsx:205:17
    at finishCustomShape (ShapeCreatorModal.jsx:64:5)
    at HTMLUnknownElement.callCallback2 (chunk-TWZIM7X7.js?v=a6c21c84:3221:22)
    at Object.invokeGuardedCallbackDev (chunk-TWZIM7X7.js?v=a6c21c84:3246:24)
    at invokeGuardedCallback (chunk-TWZIM7X7.js?v=a6c21c84:3280:39)
    at invokeGuardedCallbackAndCatchFirstError (chunk-TWZIM7X7.js?v=a6c21c84:3283:33)
    at executeDispatch (chunk-TWZIM7X7.js?v=a6c21c84:6587:11)
    at processDispatchQueueItemsInOrder (chunk-TWZIM7X7.js?v=a6c21c84:6607:15)
    at processDispatchQueue (chunk-TWZIM7X7.js?v=a6c21c84:6616:13)
    at dispatchEventsForPlugins (chunk-TWZIM7X7.js?v=a6c21c84:6624:11)
